<?xml version="1.0" encoding="UTF-8"?>
<!-- Generated by org.testng.reporters.JUnitReportReporter -->
<testsuite hostname="Nitro5Omar" failures="0" tests="1" name="GoogleTest.RSATest" time="11.535" errors="0" timestamp="2025-08-03T20:46:31 CST" skipped="0">
  <testcase classname="GoogleTest.RSATest" name="HomePageCheck" time="11.535"/>
</testsuite> <!-- GoogleTest.RSATest -->
